/usr/local/Cellar/quast/4.5/quast.py velvetoutput/contigs.fa SPAdeslow/contigs.fasta SPAdes_long/contigs.fasta velvetbc/contigs.fa SPAdesBC/contigs.fasta

Version: 4.5, 15ca3b9

System information:
  OS: Darwin-16.7.0-x86_64-i386-64bit (macosx)
  Python version: 2.7.10
  CPUs number: 4

Started: 2017-10-08 17:44:33

Logging to /Users/cmdb/qbb2017-answers/Week2/quast_results/results_2017_10_08_17_44_33/quast.log
NOTICE: Maximum number of threads is set to 1 (use --threads option to set it manually)

CWD: /Users/cmdb/qbb2017-answers/Week2
Main parameters: 
  Threads: 1, minimum contig length: 500, ambiguity: one, threshold for extensive misassembly size: 1000

Contigs:
  Pre-processing...
  1  velvetoutput/contigs.fa ==> velvetoutput_contigs
  2  SPAdeslow/contigs.fasta ==> SPAdeslow_contigs
  3  SPAdes_long/contigs.fasta ==> SPAdes_long_contigs
  4  velvetbc/contigs.fa ==> velvetbc_contigs
  5  SPAdesBC/contigs.fasta ==> SPAdesBC_contigs

2017-10-08 17:44:34
Running Basic statistics processor...
  Contig files: 
    1  velvetoutput_contigs
    2  SPAdeslow_contigs
    3  SPAdes_long_contigs
    4  velvetbc_contigs
    5  SPAdesBC_contigs
  Calculating N50 and L50...
    1  velvetoutput_contigs, N50 = 632, L50 = 5, Total length = 7243, GC % = 50.71, # N's per 100 kbp =  0.00
    2  SPAdeslow_contigs, N50 = 718, L50 = 8, Total length = 14250, GC % = 51.43, # N's per 100 kbp =  0.00
    3  SPAdes_long_contigs, N50 = 4036, L50 = 6, Total length = 58343, GC % = 52.38, # N's per 100 kbp =  0.00
    4  velvetbc_contigs, N50 = 19911, L50 = 2, Total length = 99562, GC % = 52.58, # N's per 100 kbp =  0.00
    5  SPAdesBC_contigs, N50 = 99915, L50 = 1, Total length = 99915, GC % = 52.58, # N's per 100 kbp =  0.00
  Drawing Nx plot...
    saved to /Users/cmdb/qbb2017-answers/Week2/quast_results/results_2017_10_08_17_44_33/basic_stats/Nx_plot.pdf
  Drawing cumulative plot...
    saved to /Users/cmdb/qbb2017-answers/Week2/quast_results/results_2017_10_08_17_44_33/basic_stats/cumulative_plot.pdf
  Drawing GC content plot...
    saved to /Users/cmdb/qbb2017-answers/Week2/quast_results/results_2017_10_08_17_44_33/basic_stats/GC_content_plot.pdf
  Drawing velvetoutput_contigs GC content plot...
    saved to /Users/cmdb/qbb2017-answers/Week2/quast_results/results_2017_10_08_17_44_33/basic_stats/velvetoutput_contigs_GC_content_plot.pdf
  Drawing SPAdeslow_contigs GC content plot...
    saved to /Users/cmdb/qbb2017-answers/Week2/quast_results/results_2017_10_08_17_44_33/basic_stats/SPAdeslow_contigs_GC_content_plot.pdf
  Drawing SPAdes_long_contigs GC content plot...
    saved to /Users/cmdb/qbb2017-answers/Week2/quast_results/results_2017_10_08_17_44_33/basic_stats/SPAdes_long_contigs_GC_content_plot.pdf
  Drawing velvetbc_contigs GC content plot...
    saved to /Users/cmdb/qbb2017-answers/Week2/quast_results/results_2017_10_08_17_44_33/basic_stats/velvetbc_contigs_GC_content_plot.pdf
  Drawing SPAdesBC_contigs GC content plot...
    saved to /Users/cmdb/qbb2017-answers/Week2/quast_results/results_2017_10_08_17_44_33/basic_stats/SPAdesBC_contigs_GC_content_plot.pdf
  Drawing Coverage histogram (bin size: 1x)...
    saved to /Users/cmdb/qbb2017-answers/Week2/quast_results/results_2017_10_08_17_44_33/basic_stats/coverage_histogram.pdf
  Drawing velvetoutput_contigs coverage histogram (bin size: 1x)...
    saved to /Users/cmdb/qbb2017-answers/Week2/quast_results/results_2017_10_08_17_44_33/basic_stats/velvetoutput_contigs_coverage_histogram.pdf
  Drawing SPAdeslow_contigs coverage histogram (bin size: 1x)...
    saved to /Users/cmdb/qbb2017-answers/Week2/quast_results/results_2017_10_08_17_44_33/basic_stats/SPAdeslow_contigs_coverage_histogram.pdf
  Drawing SPAdes_long_contigs coverage histogram (bin size: 1x)...
    saved to /Users/cmdb/qbb2017-answers/Week2/quast_results/results_2017_10_08_17_44_33/basic_stats/SPAdes_long_contigs_coverage_histogram.pdf
  Drawing velvetbc_contigs coverage histogram (bin size: 7x)...
    saved to /Users/cmdb/qbb2017-answers/Week2/quast_results/results_2017_10_08_17_44_33/basic_stats/velvetbc_contigs_coverage_histogram.pdf
  Drawing SPAdesBC_contigs coverage histogram (bin size: 1x)...
    saved to /Users/cmdb/qbb2017-answers/Week2/quast_results/results_2017_10_08_17_44_33/basic_stats/SPAdesBC_contigs_coverage_histogram.pdf
Done.

NOTICE: Genes are not predicted by default. Use --gene-finding option to enable it.

2017-10-08 17:44:38
Creating large visual summaries...
This may take a while: press Ctrl-C to skip this step..
  1 of 2: Creating Icarus viewers...
  2 of 2: Creating PDF with all tables and plots...
Done

2017-10-08 17:44:40
RESULTS:
  Text versions of total report are saved to /Users/cmdb/qbb2017-answers/Week2/quast_results/results_2017_10_08_17_44_33/report.txt, report.tsv, and report.tex
  Text versions of transposed total report are saved to /Users/cmdb/qbb2017-answers/Week2/quast_results/results_2017_10_08_17_44_33/transposed_report.txt, transposed_report.tsv, and transposed_report.tex
  HTML version (interactive tables and plots) saved to /Users/cmdb/qbb2017-answers/Week2/quast_results/results_2017_10_08_17_44_33/report.html
  PDF version (tables and plots) is saved to /Users/cmdb/qbb2017-answers/Week2/quast_results/results_2017_10_08_17_44_33/report.pdf
  Icarus (contig browser) is saved to /Users/cmdb/qbb2017-answers/Week2/quast_results/results_2017_10_08_17_44_33/icarus.html
  Log saved to /Users/cmdb/qbb2017-answers/Week2/quast_results/results_2017_10_08_17_44_33/quast.log

Finished: 2017-10-08 17:44:40
Elapsed time: 0:00:06.307475
NOTICEs: 2; WARNINGs: 0; non-fatal ERRORs: 0

Thank you for using QUAST!
